TN:
SF:src\config\thresholds.js
FNF:0
FNH:0
DA:8,2
DA:61,2
LF:2
LH:2
BRF:0
BRH:0
end_of_record
TN:
SF:src\controller\difficultyController.js
FN:19,getNextDifficulty
FNF:1
FNH:1
FNDA:8,getNextDifficulty
DA:8,1
DA:20,8
DA:21,8
DA:24,8
DA:26,8
DA:34,0
DA:38,1
LF:7
LH:6
BRDA:21,0,0,0
BRDA:28,1,0,8
BRDA:28,1,1,7
BRF:3
BRH:2
end_of_record
TN:
SF:src\middleware\errorHandler.js
FN:10,notFoundHandler
FN:21,globalErrorHandler
FNF:2
FNH:1
FNDA:1,notFoundHandler
FNDA:0,globalErrorHandler
DA:11,1
DA:22,0
DA:23,0
DA:26,0
DA:27,0
DA:30,0
DA:37,1
LF:7
LH:2
BRDA:22,0,0,0
BRDA:22,0,1,0
BRDA:23,1,0,0
BRDA:23,1,1,0
BRDA:26,2,0,0
BRDA:26,2,1,0
BRDA:27,3,0,0
BRDA:27,3,1,0
BRDA:33,4,0,0
BRDA:33,4,1,0
BRF:10
BRH:0
end_of_record
TN:
SF:src\middleware\validate.js
FN:40,handleValidationErrors
FN:46,(anonymous_1)
FNF:2
FNH:2
FNDA:13,handleValidationErrors
FNDA:6,(anonymous_1)
DA:7,1
DA:17,1
DA:41,13
DA:42,13
DA:43,5
DA:46,6
DA:52,8
DA:55,1
LF:8
LH:8
BRDA:42,0,0,5
BRDA:42,0,1,8
BRF:2
BRH:2
end_of_record
TN:
SF:src\routes\difficultyRoutes.js
FNF:0
FNH:0
DA:7,1
DA:8,1
DA:9,1
DA:11,1
DA:17,1
DA:24,1
LF:6
LH:6
BRF:0
BRH:0
end_of_record
TN:
SF:src\service\DifficultyService.js
FN:42,(anonymous_0)
FN:129,(anonymous_1)
FN:132,(anonymous_2)
FN:139,(anonymous_3)
FN:149,(anonymous_4)
FN:165,(anonymous_5)
FN:179,(anonymous_6)
FN:211,(anonymous_7)
FNF:8
FNH:8
FNDA:27,(anonymous_0)
FNDA:27,(anonymous_1)
FNDA:111,(anonymous_2)
FNDA:22,(anonymous_3)
FNDA:22,(anonymous_4)
FNDA:22,(anonymous_5)
FNDA:22,(anonymous_6)
FNDA:27,(anonymous_7)
DA:19,2
DA:27,2
DA:29,2
DA:44,27
DA:47,27
DA:48,2
DA:53,25
DA:54,3
DA:62,22
DA:63,22
DA:64,22
DA:65,22
DA:66,22
DA:69,22
DA:72,22
DA:73,22
DA:74,22
DA:77,22
DA:78,22
DA:80,22
DA:81,17
DA:83,2
DA:84,2
DA:85,15
DA:87,1
DA:88,1
DA:93,22
DA:96,22
DA:111,22
DA:130,27
DA:131,27
DA:132,111
DA:140,22
DA:141,20
DA:142,8
DA:150,22
DA:151,2
DA:152,8
DA:153,12
DA:166,22
DA:169,22
DA:171,21
DA:173,19
DA:180,22
DA:182,22
DA:184,22
DA:185,3
DA:188,22
DA:189,5
DA:192,22
DA:194,22
DA:195,3
DA:196,19
DA:197,11
DA:200,22
DA:201,22
DA:203,22
DA:205,22
DA:212,27
DA:220,2
LF:60
LH:60
BRDA:47,0,0,2
BRDA:47,0,1,25
BRDA:53,1,0,3
BRDA:53,1,1,22
BRDA:80,2,0,17
BRDA:80,2,1,5
BRDA:81,3,0,2
BRDA:81,3,1,15
BRDA:81,4,0,17
BRDA:81,4,1,5
BRDA:83,5,0,1
BRDA:83,5,1,1
BRDA:85,6,0,1
BRDA:85,6,1,14
BRDA:85,7,0,15
BRDA:85,7,1,1
BRDA:87,8,0,0
BRDA:87,8,1,1
BRDA:130,9,0,0
BRDA:130,9,1,27
BRDA:132,10,0,111
BRDA:132,10,1,109
BRDA:132,10,2,109
BRDA:132,10,3,109
BRDA:140,11,0,2
BRDA:140,11,1,20
BRDA:141,12,0,12
BRDA:141,12,1,8
BRDA:150,13,0,2
BRDA:150,13,1,8
BRDA:150,13,2,12
BRDA:169,14,0,1
BRDA:169,14,1,21
BRDA:171,15,0,2
BRDA:171,15,1,19
BRDA:184,16,0,3
BRDA:184,16,1,19
BRDA:188,17,0,5
BRDA:188,17,1,17
BRDA:192,18,0,3
BRDA:192,18,1,19
BRDA:194,19,0,3
BRDA:194,19,1,19
BRDA:196,20,0,11
BRDA:196,20,1,8
BRDA:200,21,0,16
BRDA:200,21,1,6
BRDA:211,22,0,0
BRF:48
BRH:45
end_of_record
TN:
SF:src\tests\simulate.js
FN:11,run
FNF:1
FNH:0
FNDA:0,run
DA:7,0
DA:9,0
DA:12,0
DA:13,0
DA:14,0
DA:15,0
DA:16,0
DA:17,0
DA:18,0
DA:21,0
DA:24,0
DA:27,0
DA:30,0
DA:33,0
DA:36,0
DA:39,0
DA:42,0
DA:45,0
DA:48,0
DA:51,0
DA:54,0
DA:57,0
DA:60,0
DA:63,0
DA:66,0
DA:68,0
DA:69,0
LF:27
LH:0
BRF:0
BRH:0
end_of_record
TN:
SF:src\utils\scoreStats.js
FN:13,average
FN:15,(anonymous_1)
FN:29,weightedMovingAverage
FN:39,(anonymous_3)
FN:59,trendSlope
FN:82,consecutiveStreak
FN:103,detectAnomaly
FN:125,standardDeviation
FN:128,(anonymous_8)
FNF:9
FNH:9
FNDA:102,average
FNDA:360,(anonymous_1)
FNDA:26,weightedMovingAverage
FNDA:108,(anonymous_3)
FNDA:27,trendSlope
FNDA:26,consecutiveStreak
FNDA:26,detectAnomaly
FNDA:26,standardDeviation
FNDA:108,(anonymous_8)
DA:14,102
DA:15,360
DA:16,99
DA:30,26
DA:33,25
DA:34,25
DA:36,25
DA:37,25
DA:39,25
DA:40,108
DA:41,108
DA:42,108
DA:45,25
DA:60,27
DA:62,25
DA:63,25
DA:65,25
DA:66,25
DA:67,52
DA:70,25
DA:83,26
DA:85,26
DA:86,89
DA:87,77
DA:89,12
DA:92,26
DA:104,26
DA:106,25
DA:107,25
DA:108,25
DA:110,25
DA:111,5
DA:117,20
DA:126,26
DA:127,24
DA:128,108
DA:129,24
DA:132,3
LF:38
LH:38
BRDA:14,0,0,3
BRDA:14,0,1,99
BRDA:14,1,0,102
BRDA:14,1,1,100
BRDA:30,2,0,1
BRDA:30,2,1,25
BRDA:30,3,0,26
BRDA:30,3,1,26
BRDA:60,4,0,2
BRDA:60,4,1,25
BRDA:60,5,0,27
BRDA:60,5,1,27
BRDA:63,6,0,0
BRDA:63,6,1,25
BRDA:86,7,0,77
BRDA:86,7,1,12
BRDA:86,8,0,89
BRDA:86,8,1,81
BRDA:104,9,0,1
BRDA:104,9,1,25
BRDA:104,10,0,26
BRDA:104,10,1,26
BRDA:110,11,0,5
BRDA:110,11,1,20
BRDA:113,12,0,3
BRDA:113,12,1,2
BRDA:126,13,0,2
BRDA:126,13,1,24
BRDA:126,14,0,26
BRDA:126,14,1,26
BRF:30
BRH:29
end_of_record
